{"C:\\Users\\USER\\Documents\\GitHub\\auth_project\\user-auth\\models\\User.js": {"path":"C:\\Users\\USER\\Documents\\GitHub\\auth_project\\user-auth\\models\\User.js","statementMap":{"0":{"start":{"line":1,"column":17},"end":{"line":1,"column":36}},"1":{"start":{"line":3,"column":19},"end":{"line":7,"column":2}},"2":{"start":{"line":9,"column":0},"end":{"line":9,"column":52}}},"fnMap":{},"branchMap":{},"s":{"0":1,"1":1,"2":1},"f":{},"b":{},"_coverageSchema":"1a1c01bbd47fc00a2c39e90264f33305004495a9","hash":"fd13f1df95aacade1969dcc576030966e4c14918"}
,"C:\\Users\\USER\\Documents\\GitHub\\auth_project\\user-auth\\routes\\auth.js": {"path":"C:\\Users\\USER\\Documents\\GitHub\\auth_project\\user-auth\\routes\\auth.js","statementMap":{"0":{"start":{"line":1,"column":16},"end":{"line":1,"column":34}},"1":{"start":{"line":2,"column":15},"end":{"line":2,"column":31}},"2":{"start":{"line":3,"column":15},"end":{"line":3,"column":34}},"3":{"start":{"line":4,"column":12},"end":{"line":4,"column":35}},"4":{"start":{"line":5,"column":35},"end":{"line":5,"column":63}},"5":{"start":{"line":6,"column":13},"end":{"line":6,"column":38}},"6":{"start":{"line":7,"column":14},"end":{"line":7,"column":30}},"7":{"start":{"line":9,"column":0},"end":{"line":54,"column":2}},"8":{"start":{"line":17,"column":19},"end":{"line":17,"column":40}},"9":{"start":{"line":18,"column":4},"end":{"line":20,"column":5}},"10":{"start":{"line":19,"column":6},"end":{"line":19,"column":62}},"11":{"start":{"line":22,"column":42},"end":{"line":22,"column":50}},"12":{"start":{"line":24,"column":4},"end":{"line":52,"column":5}},"13":{"start":{"line":25,"column":17},"end":{"line":25,"column":71}},"14":{"start":{"line":26,"column":6},"end":{"line":28,"column":7}},"15":{"start":{"line":27,"column":8},"end":{"line":27,"column":72}},"16":{"start":{"line":30,"column":6},"end":{"line":30,"column":53}},"17":{"start":{"line":31,"column":19},"end":{"line":31,"column":43}},"18":{"start":{"line":32,"column":6},"end":{"line":32,"column":56}},"19":{"start":{"line":33,"column":6},"end":{"line":33,"column":24}},"20":{"start":{"line":36,"column":6},"end":{"line":44,"column":7}},"21":{"start":{"line":37,"column":8},"end":{"line":41,"column":42}},"22":{"start":{"line":43,"column":8},"end":{"line":43,"column":75}},"23":{"start":{"line":46,"column":6},"end":{"line":48,"column":9}},"24":{"start":{"line":50,"column":6},"end":{"line":50,"column":58}},"25":{"start":{"line":51,"column":6},"end":{"line":51,"column":78}},"26":{"start":{"line":56,"column":0},"end":{"line":90,"column":2}},"27":{"start":{"line":63,"column":19},"end":{"line":63,"column":40}},"28":{"start":{"line":64,"column":4},"end":{"line":66,"column":5}},"29":{"start":{"line":65,"column":6},"end":{"line":65,"column":62}},"30":{"start":{"line":68,"column":35},"end":{"line":68,"column":43}},"31":{"start":{"line":70,"column":4},"end":{"line":88,"column":5}},"32":{"start":{"line":71,"column":19},"end":{"line":71,"column":51}},"33":{"start":{"line":72,"column":6},"end":{"line":74,"column":7}},"34":{"start":{"line":73,"column":8},"end":{"line":73,"column":72}},"35":{"start":{"line":76,"column":22},"end":{"line":76,"column":67}},"36":{"start":{"line":77,"column":6},"end":{"line":79,"column":7}},"37":{"start":{"line":78,"column":8},"end":{"line":78,"column":72}},"38":{"start":{"line":81,"column":22},"end":{"line":81,"column":48}},"39":{"start":{"line":82,"column":20},"end":{"line":82,"column":82}},"40":{"start":{"line":84,"column":6},"end":{"line":84,"column":26}},"41":{"start":{"line":86,"column":6},"end":{"line":86,"column":51}},"42":{"start":{"line":87,"column":6},"end":{"line":87,"column":78}},"43":{"start":{"line":92,"column":0},"end":{"line":92,"column":24}}},"fnMap":{"0":{"name":"(anonymous_0)","decl":{"start":{"line":16,"column":2},"end":{"line":16,"column":3}},"loc":{"start":{"line":16,"column":22},"end":{"line":53,"column":3}},"line":16},"1":{"name":"(anonymous_1)","decl":{"start":{"line":62,"column":2},"end":{"line":62,"column":3}},"loc":{"start":{"line":62,"column":22},"end":{"line":89,"column":3}},"line":62}},"branchMap":{"0":{"loc":{"start":{"line":18,"column":4},"end":{"line":20,"column":5}},"type":"if","locations":[{"start":{"line":18,"column":4},"end":{"line":20,"column":5}},{"start":{},"end":{}}],"line":18},"1":{"loc":{"start":{"line":26,"column":6},"end":{"line":28,"column":7}},"type":"if","locations":[{"start":{"line":26,"column":6},"end":{"line":28,"column":7}},{"start":{},"end":{}}],"line":26},"2":{"loc":{"start":{"line":64,"column":4},"end":{"line":66,"column":5}},"type":"if","locations":[{"start":{"line":64,"column":4},"end":{"line":66,"column":5}},{"start":{},"end":{}}],"line":64},"3":{"loc":{"start":{"line":72,"column":6},"end":{"line":74,"column":7}},"type":"if","locations":[{"start":{"line":72,"column":6},"end":{"line":74,"column":7}},{"start":{},"end":{}}],"line":72},"4":{"loc":{"start":{"line":77,"column":6},"end":{"line":79,"column":7}},"type":"if","locations":[{"start":{"line":77,"column":6},"end":{"line":79,"column":7}},{"start":{},"end":{}}],"line":77}},"s":{"0":1,"1":1,"2":1,"3":1,"4":1,"5":1,"6":1,"7":1,"8":8,"9":8,"10":1,"11":7,"12":7,"13":7,"14":7,"15":2,"16":5,"17":5,"18":5,"19":5,"20":5,"21":5,"22":1,"23":5,"24":0,"25":0,"26":1,"27":1,"28":1,"29":0,"30":1,"31":1,"32":1,"33":1,"34":0,"35":1,"36":1,"37":1,"38":0,"39":0,"40":0,"41":0,"42":0,"43":1},"f":{"0":8,"1":1},"b":{"0":[1,7],"1":[2,5],"2":[0,1],"3":[0,1],"4":[1,0]},"_coverageSchema":"1a1c01bbd47fc00a2c39e90264f33305004495a9","hash":"449580924c0cbc25f28560e89c5688b7f95b9aa6"}
}
