TN:
SF:models\User.js
FNF:0
FNH:0
DA:1,1
DA:3,1
DA:9,1
LF:3
LH:3
BRF:0
BRH:0
end_of_record
TN:
SF:routes\auth.js
FN:16,(anonymous_0)
FN:62,(anonymous_1)
FNF:2
FNH:2
FNDA:8,(anonymous_0)
FNDA:1,(anonymous_1)
DA:1,1
DA:2,1
DA:3,1
DA:4,1
DA:5,1
DA:6,1
DA:7,1
DA:9,1
DA:17,8
DA:18,8
DA:19,1
DA:22,7
DA:24,7
DA:25,7
DA:26,7
DA:27,2
DA:30,5
DA:31,5
DA:32,5
DA:33,5
DA:36,5
DA:37,5
DA:43,1
DA:46,5
DA:50,0
DA:51,0
DA:56,1
DA:63,1
DA:64,1
DA:65,0
DA:68,1
DA:70,1
DA:71,1
DA:72,1
DA:73,0
DA:76,1
DA:77,1
DA:78,1
DA:81,0
DA:82,0
DA:84,0
DA:86,0
DA:87,0
DA:92,1
LF:44
LH:35
BRDA:18,0,0,1
BRDA:18,0,1,7
BRDA:26,1,0,2
BRDA:26,1,1,5
BRDA:64,2,0,0
BRDA:64,2,1,1
BRDA:72,3,0,0
BRDA:72,3,1,1
BRDA:77,4,0,1
BRDA:77,4,1,0
BRF:10
BRH:7
end_of_record
