TN:
SF:models\User.js
FNF:0
FNH:0
DA:1,1
DA:3,1
DA:9,1
LF:3
LH:3
BRF:0
BRH:0
end_of_record
TN:
SF:routes\auth.js
FN:16,(anonymous_0)
FN:62,(anonymous_1)
FNF:2
FNH:2
FNDA:5,(anonymous_0)
FNDA:1,(anonymous_1)
DA:1,1
DA:2,1
DA:3,1
DA:4,1
DA:5,1
DA:6,1
DA:7,1
DA:9,1
DA:17,5
DA:18,5
DA:19,1
DA:22,4
DA:24,4
DA:25,4
DA:26,4
DA:27,1
DA:30,3
DA:31,3
DA:32,3
DA:33,3
DA:36,3
DA:37,3
DA:43,0
DA:46,3
DA:50,0
DA:51,0
DA:56,1
DA:63,1
DA:64,1
DA:65,0
DA:68,1
DA:70,1
DA:71,1
DA:72,1
DA:73,0
DA:76,1
DA:77,1
DA:78,1
DA:81,0
DA:82,0
DA:84,0
DA:86,0
DA:87,0
DA:92,1
LF:44
LH:34
BRDA:18,0,0,1
BRDA:18,0,1,4
BRDA:26,1,0,1
BRDA:26,1,1,3
BRDA:64,2,0,0
BRDA:64,2,1,1
BRDA:72,3,0,0
BRDA:72,3,1,1
BRDA:77,4,0,1
BRDA:77,4,1,0
BRF:10
BRH:7
end_of_record
