{"C:\\Users\\USER\\Documents\\GitHub\\auth_project\\notification\\server.js": {"path":"C:\\Users\\USER\\Documents\\GitHub\\auth_project\\notification\\server.js","statementMap":{"0":{"start":{"line":1,"column":16},"end":{"line":1,"column":34}},"1":{"start":{"line":2,"column":15},"end":{"line":2,"column":32}},"2":{"start":{"line":3,"column":13},"end":{"line":3,"column":28}},"3":{"start":{"line":4,"column":11},"end":{"line":4,"column":24}},"4":{"start":{"line":6,"column":0},"end":{"line":6,"column":34}},"5":{"start":{"line":7,"column":0},"end":{"line":13,"column":3}},"6":{"start":{"line":14,"column":12},"end":{"line":14,"column":21}},"7":{"start":{"line":16,"column":0},"end":{"line":19,"column":3}},"8":{"start":{"line":17,"column":4},"end":{"line":17,"column":70}},"9":{"start":{"line":18,"column":4},"end":{"line":18,"column":11}},"10":{"start":{"line":21,"column":0},"end":{"line":21,"column":73}},"11":{"start":{"line":21,"column":33},"end":{"line":21,"column":71}},"12":{"start":{"line":22,"column":0},"end":{"line":22,"column":81}},"13":{"start":{"line":22,"column":32},"end":{"line":22,"column":79}},"14":{"start":{"line":23,"column":0},"end":{"line":37,"column":3}},"15":{"start":{"line":24,"column":19},"end":{"line":24,"column":21}},"16":{"start":{"line":25,"column":4},"end":{"line":35,"column":7}},"17":{"start":{"line":26,"column":8},"end":{"line":34,"column":9}},"18":{"start":{"line":27,"column":12},"end":{"line":27,"column":103}},"19":{"start":{"line":28,"column":15},"end":{"line":34,"column":9}},"20":{"start":{"line":29,"column":12},"end":{"line":33,"column":15}},"21":{"start":{"line":30,"column":16},"end":{"line":32,"column":17}},"22":{"start":{"line":31,"column":20},"end":{"line":31,"column":132}},"23":{"start":{"line":36,"column":4},"end":{"line":36,"column":25}},"24":{"start":{"line":39,"column":0},"end":{"line":39,"column":24}},"25":{"start":{"line":40,"column":0},"end":{"line":40,"column":41}},"26":{"start":{"line":41,"column":0},"end":{"line":46,"column":1}},"27":{"start":{"line":42,"column":23},"end":{"line":42,"column":53}},"28":{"start":{"line":43,"column":4},"end":{"line":43,"column":74}},"29":{"start":{"line":45,"column":4},"end":{"line":45,"column":69}},"30":{"start":{"line":49,"column":0},"end":{"line":49,"column":44}},"31":{"start":{"line":50,"column":0},"end":{"line":55,"column":1}},"32":{"start":{"line":51,"column":4},"end":{"line":51,"column":46}},"33":{"start":{"line":52,"column":4},"end":{"line":52,"column":49}},"34":{"start":{"line":54,"column":4},"end":{"line":54,"column":62}},"35":{"start":{"line":57,"column":0},"end":{"line":57,"column":42}},"36":{"start":{"line":58,"column":0},"end":{"line":63,"column":1}},"37":{"start":{"line":59,"column":4},"end":{"line":59,"column":41}},"38":{"start":{"line":60,"column":4},"end":{"line":60,"column":58}},"39":{"start":{"line":62,"column":4},"end":{"line":62,"column":75}},"40":{"start":{"line":65,"column":0},"end":{"line":68,"column":3}},"41":{"start":{"line":66,"column":4},"end":{"line":66,"column":38}},"42":{"start":{"line":67,"column":4},"end":{"line":67,"column":47}},"43":{"start":{"line":70,"column":0},"end":{"line":73,"column":3}},"44":{"start":{"line":71,"column":4},"end":{"line":71,"column":72}},"45":{"start":{"line":72,"column":4},"end":{"line":72,"column":79}},"46":{"start":{"line":75,"column":0},"end":{"line":75,"column":21}}},"fnMap":{"0":{"name":"(anonymous_0)","decl":{"start":{"line":16,"column":8},"end":{"line":16,"column":9}},"loc":{"start":{"line":16,"column":28},"end":{"line":19,"column":1}},"line":16},"1":{"name":"(anonymous_1)","decl":{"start":{"line":21,"column":19},"end":{"line":21,"column":20}},"loc":{"start":{"line":21,"column":33},"end":{"line":21,"column":71}},"line":21},"2":{"name":"(anonymous_2)","decl":{"start":{"line":22,"column":18},"end":{"line":22,"column":19}},"loc":{"start":{"line":22,"column":32},"end":{"line":22,"column":79}},"line":22},"3":{"name":"(anonymous_3)","decl":{"start":{"line":23,"column":19},"end":{"line":23,"column":20}},"loc":{"start":{"line":23,"column":33},"end":{"line":37,"column":1}},"line":23},"4":{"name":"(anonymous_4)","decl":{"start":{"line":25,"column":30},"end":{"line":25,"column":31}},"loc":{"start":{"line":25,"column":46},"end":{"line":35,"column":5}},"line":25},"5":{"name":"(anonymous_5)","decl":{"start":{"line":29,"column":44},"end":{"line":29,"column":45}},"loc":{"start":{"line":29,"column":57},"end":{"line":33,"column":13}},"line":29},"6":{"name":"(anonymous_6)","decl":{"start":{"line":65,"column":33},"end":{"line":65,"column":34}},"loc":{"start":{"line":65,"column":47},"end":{"line":68,"column":1}},"line":65},"7":{"name":"(anonymous_7)","decl":{"start":{"line":70,"column":8},"end":{"line":70,"column":9}},"loc":{"start":{"line":70,"column":28},"end":{"line":73,"column":1}},"line":70}},"branchMap":{"0":{"loc":{"start":{"line":11,"column":10},"end":{"line":11,"column":58}},"type":"cond-expr","locations":[{"start":{"line":11,"column":34},"end":{"line":11,"column":46}},{"start":{"line":11,"column":49},"end":{"line":11,"column":58}}],"line":11},"1":{"loc":{"start":{"line":26,"column":8},"end":{"line":34,"column":9}},"type":"if","locations":[{"start":{"line":26,"column":8},"end":{"line":34,"column":9}},{"start":{"line":28,"column":15},"end":{"line":34,"column":9}}],"line":26},"2":{"loc":{"start":{"line":28,"column":15},"end":{"line":34,"column":9}},"type":"if","locations":[{"start":{"line":28,"column":15},"end":{"line":34,"column":9}},{"start":{},"end":{}}],"line":28},"3":{"loc":{"start":{"line":28,"column":19},"end":{"line":28,"column":74}},"type":"binary-expr","locations":[{"start":{"line":28,"column":19},"end":{"line":28,"column":47}},{"start":{"line":28,"column":51},"end":{"line":28,"column":74}}],"line":28},"4":{"loc":{"start":{"line":30,"column":16},"end":{"line":32,"column":17}},"type":"if","locations":[{"start":{"line":30,"column":16},"end":{"line":32,"column":17}},{"start":{},"end":{}}],"line":30},"5":{"loc":{"start":{"line":58,"column":0},"end":{"line":63,"column":1}},"type":"if","locations":[{"start":{"line":58,"column":0},"end":{"line":63,"column":1}},{"start":{"line":61,"column":7},"end":{"line":63,"column":1}}],"line":58}},"s":{"0":1,"1":1,"2":1,"3":1,"4":1,"5":1,"6":1,"7":1,"8":2,"9":2,"10":1,"11":0,"12":1,"13":0,"14":1,"15":0,"16":0,"17":0,"18":0,"19":0,"20":0,"21":0,"22":0,"23":0,"24":1,"25":1,"26":1,"27":1,"28":1,"29":0,"30":1,"31":1,"32":1,"33":1,"34":0,"35":1,"36":1,"37":1,"38":1,"39":0,"40":1,"41":0,"42":0,"43":1,"44":1,"45":1,"46":1},"f":{"0":2,"1":0,"2":0,"3":0,"4":0,"5":0,"6":0,"7":1},"b":{"0":[1,0],"1":[0,0],"2":[0,0],"3":[0,0],"4":[0,0],"5":[1,0]},"_coverageSchema":"1a1c01bbd47fc00a2c39e90264f33305004495a9","hash":"12ec2c70e575cc811c5ee22b8d6659a39fd96c55"}
,"C:\\Users\\USER\\Documents\\GitHub\\auth_project\\notification\\test-smtp.js": {"path":"C:\\Users\\USER\\Documents\\GitHub\\auth_project\\notification\\test-smtp.js","statementMap":{"0":{"start":{"line":1,"column":19},"end":{"line":1,"column":40}},"1":{"start":{"line":2,"column":20},"end":{"line":7,"column":2}},"2":{"start":{"line":8,"column":0},"end":{"line":13,"column":68}},"3":{"start":{"line":13,"column":14},"end":{"line":13,"column":33}},"4":{"start":{"line":13,"column":48},"end":{"line":13,"column":66}}},"fnMap":{"0":{"name":"(anonymous_0)","decl":{"start":{"line":13,"column":8},"end":{"line":13,"column":9}},"loc":{"start":{"line":13,"column":14},"end":{"line":13,"column":33}},"line":13},"1":{"name":"(anonymous_1)","decl":{"start":{"line":13,"column":41},"end":{"line":13,"column":42}},"loc":{"start":{"line":13,"column":48},"end":{"line":13,"column":66}},"line":13}},"branchMap":{},"s":{"0":0,"1":0,"2":0,"3":0,"4":0},"f":{"0":0,"1":0},"b":{}}
,"C:\\Users\\USER\\Documents\\GitHub\\auth_project\\notification\\routes\\notify.js": {"path":"C:\\Users\\USER\\Documents\\GitHub\\auth_project\\notification\\routes\\notify.js","statementMap":{"0":{"start":{"line":1,"column":16},"end":{"line":1,"column":34}},"1":{"start":{"line":2,"column":15},"end":{"line":2,"column":31}},"2":{"start":{"line":3,"column":19},"end":{"line":3,"column":40}},"3":{"start":{"line":4,"column":35},"end":{"line":4,"column":63}},"4":{"start":{"line":5,"column":15},"end":{"line":5,"column":32}},"5":{"start":{"line":7,"column":0},"end":{"line":7,"column":34}},"6":{"start":{"line":8,"column":0},"end":{"line":8,"column":42}},"7":{"start":{"line":9,"column":0},"end":{"line":14,"column":3}},"8":{"start":{"line":16,"column":0},"end":{"line":64,"column":1}},"9":{"start":{"line":17,"column":24},"end":{"line":25,"column":6}},"10":{"start":{"line":27,"column":4},"end":{"line":59,"column":6}},"11":{"start":{"line":35,"column":12},"end":{"line":35,"column":72}},"12":{"start":{"line":36,"column":27},"end":{"line":36,"column":48}},"13":{"start":{"line":37,"column":12},"end":{"line":39,"column":13}},"14":{"start":{"line":38,"column":16},"end":{"line":38,"column":72}},"15":{"start":{"line":41,"column":47},"end":{"line":41,"column":55}},"16":{"start":{"line":43,"column":12},"end":{"line":57,"column":13}},"17":{"start":{"line":44,"column":16},"end":{"line":50,"column":19}},"18":{"start":{"line":52,"column":16},"end":{"line":52,"column":85}},"19":{"start":{"line":53,"column":16},"end":{"line":53,"column":78}},"20":{"start":{"line":55,"column":16},"end":{"line":55,"column":82}},"21":{"start":{"line":56,"column":16},"end":{"line":56,"column":96}},"22":{"start":{"line":61,"column":4},"end":{"line":61,"column":63}},"23":{"start":{"line":63,"column":4},"end":{"line":63,"column":68}},"24":{"start":{"line":66,"column":0},"end":{"line":66,"column":24}}},"fnMap":{"0":{"name":"(anonymous_0)","decl":{"start":{"line":34,"column":8},"end":{"line":34,"column":9}},"loc":{"start":{"line":34,"column":28},"end":{"line":58,"column":9}},"line":34}},"branchMap":{"0":{"loc":{"start":{"line":13,"column":10},"end":{"line":13,"column":58}},"type":"cond-expr","locations":[{"start":{"line":13,"column":34},"end":{"line":13,"column":46}},{"start":{"line":13,"column":49},"end":{"line":13,"column":58}}],"line":13},"1":{"loc":{"start":{"line":18,"column":14},"end":{"line":18,"column":55}},"type":"binary-expr","locations":[{"start":{"line":18,"column":14},"end":{"line":18,"column":35}},{"start":{"line":18,"column":39},"end":{"line":18,"column":55}}],"line":18},"2":{"loc":{"start":{"line":19,"column":14},"end":{"line":19,"column":52}},"type":"binary-expr","locations":[{"start":{"line":19,"column":14},"end":{"line":19,"column":45}},{"start":{"line":19,"column":49},"end":{"line":19,"column":52}}],"line":19},"3":{"loc":{"start":{"line":37,"column":12},"end":{"line":39,"column":13}},"type":"if","locations":[{"start":{"line":37,"column":12},"end":{"line":39,"column":13}},{"start":{},"end":{}}],"line":37}},"s":{"0":2,"1":2,"2":2,"3":2,"4":2,"5":2,"6":2,"7":2,"8":2,"9":2,"10":2,"11":3,"12":3,"13":3,"14":3,"15":0,"16":0,"17":0,"18":0,"19":0,"20":0,"21":0,"22":2,"23":0,"24":2},"f":{"0":3},"b":{"0":[2,0],"1":[2,0],"2":[2,0],"3":[3,0]},"_coverageSchema":"1a1c01bbd47fc00a2c39e90264f33305004495a9","hash":"520c276f3797bb3d3f6bc8676f1b26e38f531d3e"}
}
