{"C:\\Users\\USER\\Documents\\GitHub\\auth_project\\notification\\jest.config.js": {"path":"C:\\Users\\USER\\Documents\\GitHub\\auth_project\\notification\\jest.config.js","statementMap":{"0":{"start":{"line":1,"column":0},"end":{"line":5,"column":4}}},"fnMap":{},"branchMap":{},"s":{"0":0},"f":{},"b":{}}
,"C:\\Users\\USER\\Documents\\GitHub\\auth_project\\notification\\server.js": {"path":"C:\\Users\\USER\\Documents\\GitHub\\auth_project\\notification\\server.js","statementMap":{"0":{"start":{"line":1,"column":16},"end":{"line":1,"column":34}},"1":{"start":{"line":2,"column":15},"end":{"line":2,"column":32}},"2":{"start":{"line":3,"column":21},"end":{"line":3,"column":47}},"3":{"start":{"line":5,"column":0},"end":{"line":5,"column":16}},"4":{"start":{"line":6,"column":12},"end":{"line":6,"column":21}},"5":{"start":{"line":7,"column":0},"end":{"line":7,"column":24}},"6":{"start":{"line":8,"column":0},"end":{"line":8,"column":37}},"7":{"start":{"line":10,"column":13},"end":{"line":10,"column":37}},"8":{"start":{"line":11,"column":0},"end":{"line":11,"column":70}},"9":{"start":{"line":11,"column":23},"end":{"line":11,"column":68}}},"fnMap":{"0":{"name":"(anonymous_0)","decl":{"start":{"line":11,"column":17},"end":{"line":11,"column":18}},"loc":{"start":{"line":11,"column":23},"end":{"line":11,"column":68}},"line":11}},"branchMap":{"0":{"loc":{"start":{"line":10,"column":13},"end":{"line":10,"column":37}},"type":"binary-expr","locations":[{"start":{"line":10,"column":13},"end":{"line":10,"column":29}},{"start":{"line":10,"column":33},"end":{"line":10,"column":37}}],"line":10}},"s":{"0":0,"1":0,"2":0,"3":0,"4":0,"5":0,"6":0,"7":0,"8":0,"9":0},"f":{"0":0},"b":{"0":[0,0]}}
,"C:\\Users\\USER\\Documents\\GitHub\\auth_project\\notification\\routes\\notify.js": {"path":"C:\\Users\\USER\\Documents\\GitHub\\auth_project\\notification\\routes\\notify.js","statementMap":{"0":{"start":{"line":17,"column":16},"end":{"line":17,"column":34}},"1":{"start":{"line":18,"column":15},"end":{"line":18,"column":31}},"2":{"start":{"line":19,"column":19},"end":{"line":19,"column":40}},"3":{"start":{"line":22,"column":20},"end":{"line":30,"column":2}},"4":{"start":{"line":32,"column":0},"end":{"line":54,"column":3}},"5":{"start":{"line":33,"column":37},"end":{"line":33,"column":45}},"6":{"start":{"line":34,"column":2},"end":{"line":36,"column":3}},"7":{"start":{"line":35,"column":4},"end":{"line":35,"column":86}},"8":{"start":{"line":38,"column":2},"end":{"line":53,"column":3}},"9":{"start":{"line":40,"column":4},"end":{"line":46,"column":7}},"10":{"start":{"line":48,"column":4},"end":{"line":48,"column":73}},"11":{"start":{"line":49,"column":4},"end":{"line":49,"column":66}},"12":{"start":{"line":51,"column":4},"end":{"line":51,"column":70}},"13":{"start":{"line":52,"column":4},"end":{"line":52,"column":84}},"14":{"start":{"line":56,"column":0},"end":{"line":56,"column":24}}},"fnMap":{"0":{"name":"(anonymous_0)","decl":{"start":{"line":32,"column":17},"end":{"line":32,"column":18}},"loc":{"start":{"line":32,"column":37},"end":{"line":54,"column":1}},"line":32}},"branchMap":{"0":{"loc":{"start":{"line":34,"column":2},"end":{"line":36,"column":3}},"type":"if","locations":[{"start":{"line":34,"column":2},"end":{"line":36,"column":3}},{"start":{},"end":{}}],"line":34},"1":{"loc":{"start":{"line":34,"column":6},"end":{"line":34,"column":35}},"type":"binary-expr","locations":[{"start":{"line":34,"column":6},"end":{"line":34,"column":13}},{"start":{"line":34,"column":17},"end":{"line":34,"column":25}},{"start":{"line":34,"column":29},"end":{"line":34,"column":35}}],"line":34}},"s":{"0":1,"1":1,"2":1,"3":1,"4":1,"5":3,"6":3,"7":1,"8":2,"9":2,"10":0,"11":0,"12":2,"13":2,"14":1},"f":{"0":3},"b":{"0":[1,2],"1":[3,3,2]},"_coverageSchema":"1a1c01bbd47fc00a2c39e90264f33305004495a9","hash":"8dbe7b8960762721e6264f0025a270129e505fc6"}
}
