TN:
SF:jest.config.js
FNF:0
FNH:0
DA:1,0
LF:1
LH:0
BRF:0
BRH:0
end_of_record
TN:
SF:server.js
FN:11,(anonymous_0)
FNF:1
FNH:0
FNDA:0,(anonymous_0)
DA:1,0
DA:2,0
DA:3,0
DA:5,0
DA:6,0
DA:7,0
DA:8,0
DA:10,0
DA:11,0
LF:9
LH:0
BRDA:10,0,0,0
BRDA:10,0,1,0
BRF:2
BRH:0
end_of_record
TN:
SF:routes\notify.js
FN:32,(anonymous_0)
FNF:1
FNH:1
FNDA:3,(anonymous_0)
DA:17,1
DA:18,1
DA:19,1
DA:22,1
DA:32,1
DA:33,3
DA:34,3
DA:35,1
DA:38,2
DA:40,2
DA:48,0
DA:49,0
DA:51,2
DA:52,2
DA:56,1
LF:15
LH:13
BRDA:34,0,0,1
BRDA:34,0,1,2
BRDA:34,1,0,3
BRDA:34,1,1,3
BRDA:34,1,2,2
BRF:5
BRH:5
end_of_record
