TN:
SF:server.js
FN:16,(anonymous_0)
FN:21,(anonymous_1)
FN:22,(anonymous_2)
FN:23,(anonymous_3)
FN:25,(anonymous_4)
FN:29,(anonymous_5)
FN:65,(anonymous_6)
FN:70,(anonymous_7)
FNF:8
FNH:2
FNDA:2,(anonymous_0)
FNDA:0,(anonymous_1)
FNDA:0,(anonymous_2)
FNDA:0,(anonymous_3)
FNDA:0,(anonymous_4)
FNDA:0,(anonymous_5)
FNDA:0,(anonymous_6)
FNDA:1,(anonymous_7)
DA:1,1
DA:2,1
DA:3,1
DA:4,1
DA:6,1
DA:7,1
DA:14,1
DA:16,1
DA:17,2
DA:18,2
DA:21,1
DA:22,1
DA:23,1
DA:24,0
DA:25,0
DA:26,0
DA:27,0
DA:28,0
DA:29,0
DA:30,0
DA:31,0
DA:36,0
DA:39,1
DA:40,1
DA:41,1
DA:42,1
DA:43,1
DA:45,0
DA:49,1
DA:50,1
DA:51,1
DA:52,1
DA:54,0
DA:57,1
DA:58,1
DA:59,1
DA:60,1
DA:62,0
DA:65,1
DA:66,0
DA:67,0
DA:70,1
DA:71,1
DA:72,1
DA:75,1
LF:45
LH:31
BRDA:11,0,0,1
BRDA:11,0,1,0
BRDA:26,1,0,0
BRDA:26,1,1,0
BRDA:28,2,0,0
BRDA:28,2,1,0
BRDA:28,3,0,0
BRDA:28,3,1,0
BRDA:30,4,0,0
BRDA:30,4,1,0
BRDA:58,5,0,1
BRDA:58,5,1,0
BRF:12
BRH:2
end_of_record
TN:
SF:test-smtp.js
FN:13,(anonymous_0)
FN:13,(anonymous_1)
FNF:2
FNH:0
FNDA:0,(anonymous_0)
FNDA:0,(anonymous_1)
DA:1,0
DA:2,0
DA:8,0
DA:13,0
LF:4
LH:0
BRF:0
BRH:0
end_of_record
TN:
SF:routes\notify.js
FN:34,(anonymous_0)
FNF:1
FNH:1
FNDA:3,(anonymous_0)
DA:1,2
DA:2,2
DA:3,2
DA:4,2
DA:5,2
DA:7,2
DA:8,2
DA:9,2
DA:16,2
DA:17,2
DA:27,2
DA:35,3
DA:36,3
DA:37,3
DA:38,3
DA:41,0
DA:43,0
DA:44,0
DA:52,0
DA:53,0
DA:55,0
DA:56,0
DA:61,2
DA:63,0
DA:66,2
LF:25
LH:17
BRDA:13,0,0,2
BRDA:13,0,1,0
BRDA:18,1,0,2
BRDA:18,1,1,0
BRDA:19,2,0,2
BRDA:19,2,1,0
BRDA:37,3,0,3
BRDA:37,3,1,0
BRF:8
BRH:4
end_of_record
