{"C:\\Users\\USER\\Documents\\GitHub\\auth_project\\user-profile\\models\\Profile.js": {"path":"C:\\Users\\USER\\Documents\\GitHub\\auth_project\\user-profile\\models\\Profile.js","statementMap":{"0":{"start":{"line":1,"column":17},"end":{"line":1,"column":36}},"1":{"start":{"line":3,"column":22},"end":{"line":24,"column":2}},"2":{"start":{"line":26,"column":0},"end":{"line":26,"column":58}}},"fnMap":{},"branchMap":{},"s":{"0":1,"1":1,"2":1},"f":{},"b":{},"_coverageSchema":"1a1c01bbd47fc00a2c39e90264f33305004495a9","hash":"f348c4777525196dcd4e3bd7a6f5a46920dbd5e9"}
,"C:\\Users\\USER\\Documents\\GitHub\\auth_project\\user-profile\\routes\\profile.js": {"path":"C:\\Users\\USER\\Documents\\GitHub\\auth_project\\user-profile\\routes\\profile.js","statementMap":{"0":{"start":{"line":1,"column":16},"end":{"line":1,"column":34}},"1":{"start":{"line":2,"column":15},"end":{"line":2,"column":31}},"2":{"start":{"line":3,"column":12},"end":{"line":3,"column":35}},"3":{"start":{"line":4,"column":35},"end":{"line":4,"column":63}},"4":{"start":{"line":5,"column":16},"end":{"line":5,"column":44}},"5":{"start":{"line":8,"column":13},"end":{"line":20,"column":1}},"6":{"start":{"line":9,"column":16},"end":{"line":9,"column":67}},"7":{"start":{"line":10,"column":2},"end":{"line":12,"column":3}},"8":{"start":{"line":11,"column":4},"end":{"line":11,"column":79}},"9":{"start":{"line":13,"column":2},"end":{"line":19,"column":3}},"10":{"start":{"line":14,"column":20},"end":{"line":14,"column":61}},"11":{"start":{"line":15,"column":4},"end":{"line":15,"column":28}},"12":{"start":{"line":16,"column":4},"end":{"line":16,"column":11}},"13":{"start":{"line":18,"column":4},"end":{"line":18,"column":60}},"14":{"start":{"line":23,"column":0},"end":{"line":64,"column":2}},"15":{"start":{"line":32,"column":19},"end":{"line":32,"column":40}},"16":{"start":{"line":33,"column":4},"end":{"line":35,"column":5}},"17":{"start":{"line":34,"column":6},"end":{"line":34,"column":62}},"18":{"start":{"line":37,"column":41},"end":{"line":37,"column":49}},"19":{"start":{"line":39,"column":4},"end":{"line":62,"column":5}},"20":{"start":{"line":40,"column":20},"end":{"line":40,"column":66}},"21":{"start":{"line":41,"column":6},"end":{"line":48,"column":7}},"22":{"start":{"line":43,"column":8},"end":{"line":43,"column":38}},"23":{"start":{"line":44,"column":8},"end":{"line":44,"column":36}},"24":{"start":{"line":45,"column":8},"end":{"line":45,"column":41}},"25":{"start":{"line":46,"column":8},"end":{"line":46,"column":29}},"26":{"start":{"line":47,"column":8},"end":{"line":47,"column":37}},"27":{"start":{"line":51,"column":6},"end":{"line":56,"column":9}},"28":{"start":{"line":57,"column":6},"end":{"line":57,"column":27}},"29":{"start":{"line":58,"column":6},"end":{"line":58,"column":40}},"30":{"start":{"line":60,"column":6},"end":{"line":60,"column":53}},"31":{"start":{"line":61,"column":6},"end":{"line":61,"column":78}},"32":{"start":{"line":67,"column":0},"end":{"line":78,"column":3}},"33":{"start":{"line":68,"column":2},"end":{"line":77,"column":3}},"34":{"start":{"line":69,"column":20},"end":{"line":69,"column":72}},"35":{"start":{"line":70,"column":4},"end":{"line":72,"column":5}},"36":{"start":{"line":71,"column":6},"end":{"line":71,"column":68}},"37":{"start":{"line":73,"column":4},"end":{"line":73,"column":26}},"38":{"start":{"line":75,"column":4},"end":{"line":75,"column":51}},"39":{"start":{"line":76,"column":4},"end":{"line":76,"column":76}},"40":{"start":{"line":81,"column":0},"end":{"line":92,"column":3}},"41":{"start":{"line":82,"column":2},"end":{"line":91,"column":3}},"42":{"start":{"line":83,"column":20},"end":{"line":83,"column":81}},"43":{"start":{"line":84,"column":4},"end":{"line":86,"column":5}},"44":{"start":{"line":85,"column":6},"end":{"line":85,"column":68}},"45":{"start":{"line":87,"column":4},"end":{"line":87,"column":58}},"46":{"start":{"line":89,"column":4},"end":{"line":89,"column":51}},"47":{"start":{"line":90,"column":4},"end":{"line":90,"column":76}},"48":{"start":{"line":94,"column":0},"end":{"line":94,"column":24}}},"fnMap":{"0":{"name":"(anonymous_0)","decl":{"start":{"line":8,"column":13},"end":{"line":8,"column":14}},"loc":{"start":{"line":8,"column":33},"end":{"line":20,"column":1}},"line":8},"1":{"name":"(anonymous_1)","decl":{"start":{"line":31,"column":2},"end":{"line":31,"column":3}},"loc":{"start":{"line":31,"column":22},"end":{"line":63,"column":3}},"line":31},"2":{"name":"(anonymous_2)","decl":{"start":{"line":67,"column":29},"end":{"line":67,"column":30}},"loc":{"start":{"line":67,"column":49},"end":{"line":78,"column":1}},"line":67},"3":{"name":"(anonymous_3)","decl":{"start":{"line":81,"column":32},"end":{"line":81,"column":33}},"loc":{"start":{"line":81,"column":52},"end":{"line":92,"column":1}},"line":81}},"branchMap":{"0":{"loc":{"start":{"line":10,"column":2},"end":{"line":12,"column":3}},"type":"if","locations":[{"start":{"line":10,"column":2},"end":{"line":12,"column":3}},{"start":{},"end":{}}],"line":10},"1":{"loc":{"start":{"line":33,"column":4},"end":{"line":35,"column":5}},"type":"if","locations":[{"start":{"line":33,"column":4},"end":{"line":35,"column":5}},{"start":{},"end":{}}],"line":33},"2":{"loc":{"start":{"line":41,"column":6},"end":{"line":48,"column":7}},"type":"if","locations":[{"start":{"line":41,"column":6},"end":{"line":48,"column":7}},{"start":{},"end":{}}],"line":41},"3":{"loc":{"start":{"line":45,"column":22},"end":{"line":45,"column":40}},"type":"binary-expr","locations":[{"start":{"line":45,"column":22},"end":{"line":45,"column":25}},{"start":{"line":45,"column":29},"end":{"line":45,"column":40}}],"line":45},"4":{"loc":{"start":{"line":70,"column":4},"end":{"line":72,"column":5}},"type":"if","locations":[{"start":{"line":70,"column":4},"end":{"line":72,"column":5}},{"start":{},"end":{}}],"line":70},"5":{"loc":{"start":{"line":84,"column":4},"end":{"line":86,"column":5}},"type":"if","locations":[{"start":{"line":84,"column":4},"end":{"line":86,"column":5}},{"start":{},"end":{}}],"line":84}},"s":{"0":1,"1":1,"2":1,"3":1,"4":1,"5":1,"6":0,"7":0,"8":0,"9":0,"10":0,"11":0,"12":0,"13":0,"14":1,"15":0,"16":0,"17":0,"18":0,"19":0,"20":0,"21":0,"22":0,"23":0,"24":0,"25":0,"26":0,"27":0,"28":0,"29":0,"30":0,"31":0,"32":1,"33":0,"34":0,"35":0,"36":0,"37":0,"38":0,"39":0,"40":1,"41":0,"42":0,"43":0,"44":0,"45":0,"46":0,"47":0,"48":1},"f":{"0":0,"1":0,"2":0,"3":0},"b":{"0":[0,0],"1":[0,0],"2":[0,0],"3":[0,0],"4":[0,0],"5":[0,0]},"_coverageSchema":"1a1c01bbd47fc00a2c39e90264f33305004495a9","hash":"9cd8a2374ac1b3e3576133d6ce4ba3cafa84d668"}
}
