{"C:\\Users\\USER\\Documents\\GitHub\\auth_project\\user-profile\\models\\Profile.js": {"path":"C:\\Users\\USER\\Documents\\GitHub\\auth_project\\user-profile\\models\\Profile.js","statementMap":{"0":{"start":{"line":1,"column":17},"end":{"line":1,"column":36}},"1":{"start":{"line":2,"column":22},"end":{"line":6,"column":2}},"2":{"start":{"line":7,"column":0},"end":{"line":7,"column":58}}},"fnMap":{},"branchMap":{},"s":{"0":1,"1":1,"2":1},"f":{},"b":{},"_coverageSchema":"1a1c01bbd47fc00a2c39e90264f33305004495a9","hash":"ad06f706e0d01426066c9b85581fed154e10304f"}
,"C:\\Users\\USER\\Documents\\GitHub\\auth_project\\user-profile\\routes\\profile.js": {"path":"C:\\Users\\USER\\Documents\\GitHub\\auth_project\\user-profile\\routes\\profile.js","statementMap":{"0":{"start":{"line":1,"column":16},"end":{"line":1,"column":34}},"1":{"start":{"line":2,"column":15},"end":{"line":2,"column":31}},"2":{"start":{"line":3,"column":16},"end":{"line":3,"column":44}},"3":{"start":{"line":5,"column":0},"end":{"line":10,"column":3}},"4":{"start":{"line":6,"column":32},"end":{"line":6,"column":40}},"5":{"start":{"line":7,"column":18},"end":{"line":7,"column":52}},"6":{"start":{"line":8,"column":2},"end":{"line":8,"column":23}},"7":{"start":{"line":9,"column":2},"end":{"line":9,"column":52}},"8":{"start":{"line":12,"column":0},"end":{"line":15,"column":3}},"9":{"start":{"line":13,"column":18},"end":{"line":13,"column":66}},"10":{"start":{"line":14,"column":2},"end":{"line":14,"column":56}},"11":{"start":{"line":17,"column":0},"end":{"line":17,"column":24}}},"fnMap":{"0":{"name":"(anonymous_0)","decl":{"start":{"line":5,"column":17},"end":{"line":5,"column":18}},"loc":{"start":{"line":5,"column":37},"end":{"line":10,"column":1}},"line":5},"1":{"name":"(anonymous_1)","decl":{"start":{"line":12,"column":19},"end":{"line":12,"column":20}},"loc":{"start":{"line":12,"column":39},"end":{"line":15,"column":1}},"line":12}},"branchMap":{"0":{"loc":{"start":{"line":14,"column":11},"end":{"line":14,"column":54}},"type":"binary-expr","locations":[{"start":{"line":14,"column":11},"end":{"line":14,"column":18}},{"start":{"line":14,"column":22},"end":{"line":14,"column":54}}],"line":14}},"s":{"0":1,"1":1,"2":1,"3":1,"4":0,"5":0,"6":0,"7":0,"8":1,"9":0,"10":0,"11":1},"f":{"0":0,"1":0},"b":{"0":[0,0]},"_coverageSchema":"1a1c01bbd47fc00a2c39e90264f33305004495a9","hash":"5cbbb4352f1eb639ff2a4dd24cce238c20d4d2f6"}
}
